C251 COMPILER V5.60.0,  main                                                               23/03/23  08:23:07  PAGE 1   


C251 COMPILER V5.60.0, COMPILATION OF MODULE main
OBJECT MODULE PLACED IN .\Objects\main.obj
COMPILER INVOKED BY: C:\Keil_v5\C251\BIN\C251.EXE main.c INTR2 BROWSE DEBUG PRINT(.\Listings\main.lst) TABS(2) OBJECT(.\
                    -Objects\main.obj) 

stmt  level    source

    1          #include<STC32G.h>
    2          #define u8 unsigned char
    3          #define u16 unsigned int
    4          
    5          const int code soundTrack1[] = {784 ,784 ,1046 ,1046 ,1046 ,988 ,1174 ,1046 ,784 ,659 ,880 ,880 ,880 ,880
             - ,698 ,698 ,0 ,880 ,1174 ,1174 ,1174 ,1046 ,988 ,880 ,784 ,698 ,659 ,659 ,659 ,659 ,659 ,659 ,784 ,784 ,1046 ,1046 ,1046
             - ,988 ,1174 ,1046 ,784 ,659 ,880 ,880 ,880 ,880 ,698 ,880 ,1174 ,1046 ,988 ,988 ,1174 ,1174 ,1396 ,1396 ,988 ,988 ,1046 
             -,1046 ,1046 ,1046 ,1046 ,0 ,1318 ,1174 ,988 ,988 ,988 ,988 ,880 ,988 ,1046 ,880 ,988 ,988 ,988 ,988 ,784 ,784 ,698 ,784 
             -,880 ,880 ,880 ,880 ,1174 ,1174 ,1174 ,1046 ,988 ,988 ,988 ,988 ,988 ,0 ,1174 ,1174 };
    6          
    7          
    8          u16 rupt_ = 1;
    9          u16 rupt_pre = 1;
   10            
   11          void Timer0() interrupt 1
   12          {
   13   1        rupt_  = rupt_ + 1;
   14   1      }
   15            
   16          void main()
   17          {
   18   1        u16 len = 98;   //Êõ≤Ë∞±ÈïøÂ∫¶
   19   1        int speed = 480; // 120‰∏™Èü≥Á¨¶‰ª£Á†ÅÊØèÂàÜÈíü
   20   1        
   21   1        int temp = 0;  //Áî®‰∫éÂæ™ÁéØÁ≠âÂ∑•‰ΩúÁöÑ‰∏¥Êó∂ÂèòÈáè
   22   1        
   23   1        int time1 = 0;
   24   1        u16 local_time1 = 0;
   25   1      
   26   1        
   27   1        //20MHz = 20*10^6hz
   28   1        EAXFR = 1;
   29   1        WTST = 0x00;
   30   1        
   31   1        P0M0 = 0xff;
   32   1        P0M1 = 0x00;
   33   1        P1M0 = 0xff;
   34   1        P1M1 = 0x00;
   35   1        P2M0 = 0xff;
   36   1        P2M1 = 0x00;
   37   1        P3M0 = 0xff;
   38   1        P3M1 = 0x00;
   39   1        P4M0 = 0xff;
   40   1        P4M1 = 0x00;
   41   1        P5M0 = 0xff;
   42   1        P5M1 = 0x00;
   43   1        P6M0 = 0xff;
   44   1        P6M1 = 0x00;
   45   1        P7M0 = 0xff;
   46   1        P7M1 = 0x00;
   47   1        
   48   1        TMOD = 0x00;
   49   1        
   50   1        TL0 = 0xeb; //16‰ΩçËá™Âä®ÈáçËΩΩ 10ÂæÆÂ¶ôÁªàÊñ≠‰∏ÄÊ¨°
   51   1        TH0 = 0xff;   
   52   1        TR0 = 1;        //start timer0
   53   1        ET0 = 0;        //ÂÖàÂÖ≥Èó≠‰∏≠Êñ≠
   54   1        EA = 1;
C251 COMPILER V5.60.0,  main                                                               23/03/23  08:23:07  PAGE 2   

   55   1        
   56   1        
   57   1        
   58   1        //=========================
   59   1        P10 = 1;
   60   1        //‰∏ªÂæ™ÁéØ
   61   1        ET0 = 1;  //ÂÖÅËÆ∏‰∏≠Êñ≠
   62   1        while(1)
   63   1        {
   64   2          // Êí≠Êîæ
   65   2          for(temp = 0;temp<len;temp++)
   66   2          {
   67   3            local_time1 = (int)(200000.0 / (double)soundTrack1[temp]) ;   //‰∏ÄÂçäÁöÑÂë®Êúü Ââç‰∏ÄÂçäÊòØ1 Âêé‰∏ÄÂçä
             -ÊòØ0 ,  Ëøô‰∏™‰ª£Ë°® ‰∏≠Êñ≠ timesÊ¨°ÂêéÔºåËúÇÈ∏£Âô®ÁöÑËæìÂá∫Á´ØÂè£ÁöÑÂÄºÂ∫îËØ•ÊîπÂèò( ÊúâÊï∞Â≠¶ÁÆÄÂåñËøêÁÆóÔºåÊâÄ‰ª•ÂºèÂ
             -≠êÁúãËµ∑Êù•‰ºöÊúâÁÇπÊÄ™)
   68   3            
   69   3            
   70   3            time1 = local_time1; //times ‰Ωú‰∏∫Ëá™ÂáèÁî®ÁöÑÂèòÈáè
   71   3            
   72   3            rupt_ = 1;
   73   3            rupt_pre = 1;
   74   3            while(rupt_ <= (6000000/speed))  // ‰∏ÄÊ¨°Èü≥Á¨¶ÁöÑÊó∂Èó¥Âà∞ÂêéÔºåÈÄÄÂá∫Âæ™ÁéØ
   75   3            {
   76   4              if(rupt_pre  != rupt_)  // Â¶ÇÊûúÂèëÁîü‰∫Ü‰∏≠Êñ≠
   77   4              {time1 = time1 - (rupt_ - rupt_pre); rupt_pre = rupt_;  } // ËÆ∞ÂΩï‰∏≠Êñ≠ timesËá™Âáè 
   78   4              
   79   4              if(time1 <= 0)  //Â¶ÇÊûútimesÂáèÂà∞0‰∫Ü Á´ØÂè£ÂÄºÂèòÊç¢
   80   4              { 
   81   5                ET0 = 0;
   82   5                time1 = local_time1; 
   83   5                P10 = !P10;
   84   5                ET0 = 1;
   85   5              }
   86   4            }
   87   3            rupt_ = 1;
   88   3            rupt_pre = 1;
   89   3            
   90   3            
   91   3            
   92   3          }
   93   2          while(1)
   94   2          {}
   95   2          
   96   2        }
   97   1      }


Module Information          Static   Overlayable
------------------------------------------------
  code size            =       419     ------
  ecode size           =    ------     ------
  data size            =         4     ------
  idata size           =    ------     ------
  pdata size           =    ------     ------
  xdata size           =    ------     ------
  xdata-const size     =    ------     ------
  edata size           =    ------     ------
  bit size             =    ------     ------
  ebit size            =    ------     ------
  bitaddressable size  =    ------     ------
  ebitaddressable size =    ------     ------
  far data size        =    ------     ------
  huge data size       =    ------     ------
  const size           =    ------     ------
  hconst size          =    ------     ------
End of Module Information.


C251 COMPILATION COMPLETE.  0 WARNING(S),  0 ERROR(S)
